#
# There is insufficient memory for the Java Runtime Environment to continue.
# Native memory allocation (mmap) failed to map 65536 bytes. Error detail: Failed to commit metaspace.
# Possible reasons:
#   The system is out of physical RAM or swap space
#   This process is running with CompressedOops enabled, and the Java Heap may be blocking the growth of the native heap
# Possible solutions:
#   Reduce memory load on the system
#   Increase physical memory or swap space
#   Check if swap backing store is full
#   Decrease Java heap size (-Xmx/-Xms)
#   Decrease number of Java threads
#   Decrease Java thread stack sizes (-Xss)
#   Set larger code cache with -XX:ReservedCodeCacheSize=
#   JVM is running with Zero Based Compressed Oops mode in which the Java heap is
#     placed in the first 32GB address space. The Java Heap base address is the
#     maximum limit for the native heap growth. Please use -XX:HeapBaseMinAddress
#     to set the Java Heap base and to place the Java Heap above 32GB virtual address.
# This output file may be truncated or incomplete.
#
#  Out of Memory Error (virtualSpaceNode.cpp:110), pid=9864, tid=12580
#
# JRE version: OpenJDK Runtime Environment JBR-17.0.11+1-1207.24-jcef (17.0.11+1) (build 17.0.11+1-b1207.24)
# Java VM: OpenJDK 64-Bit Server VM JBR-17.0.11+1-1207.24-jcef (17.0.11+1-b1207.24, mixed mode, tiered, compressed oops, compressed class ptrs, g1 gc, windows-amd64)
# No core dump will be written. Minidumps are not enabled by default on client versions of Windows
#

---------------  S U M M A R Y ------------

Command Line: git4idea.http.GitAskPassApp Username for 'http://tfs:8080': 

Host: 11th Gen Intel(R) Core(TM) i7-11390H @ 3.40GHz, 8 cores, 15G,  Windows 10 , 64 bit Build 19041 (10.0.19041.3636)
Time: Mon Jun 10 14:28:34 2024 Hora oficial do Brasil elapsed time: 0.246436 seconds (0d 0h 0m 0s)

---------------  T H R E A D  ---------------

Current thread (0x000001d8ac03c8a0):  JavaThread "main" [_thread_in_vm, id=12580, stack(0x000000cfb0200000,0x000000cfb0300000)]

Stack: [0x000000cfb0200000,0x000000cfb0300000]
Native frames: (J=compiled Java code, j=interpreted, Vv=VM code, C=native code)
V  [jvm.dll+0x6877f9]
V  [jvm.dll+0x8411aa]
V  [jvm.dll+0x842e2e]
V  [jvm.dll+0x843493]
V  [jvm.dll+0x249fdf]
V  [jvm.dll+0x83c03b]
V  [jvm.dll+0x62bc86]
V  [jvm.dll+0x62bcea]
V  [jvm.dll+0x62e51a]
V  [jvm.dll+0x62c626]
V  [jvm.dll+0x23f036]
V  [jvm.dll+0x1ed8bb]
V  [jvm.dll+0x1e31fc]
V  [jvm.dll+0x54c22c]
V  [jvm.dll+0x1f3d7b]
V  [jvm.dll+0x7b975b]
V  [jvm.dll+0x7babc9]
V  [jvm.dll+0x7baf18]
V  [jvm.dll+0x241a0e]
V  [jvm.dll+0x387d7b]
C  0x000001d8b6d0f344

The last pc belongs to ldc (printed below).
Java frames: (J=compiled Java code, j=interpreted, Vv=VM code)
j  java.util.concurrent.SynchronousQueue$TransferStack.<clinit>()V+9 java.base@17.0.11
v  ~StubRoutines::call_stub
j  java.util.concurrent.SynchronousQueue.<init>(Z)V+19 java.base@17.0.11
j  java.util.concurrent.SynchronousQueue.<init>()V+2 java.base@17.0.11
j  java.util.concurrent.Executors.newCachedThreadPool(Ljava/util/concurrent/ThreadFactory;)Ljava/util/concurrent/ExecutorService;+17 java.base@17.0.11
j  jdk.internal.net.http.HttpClientImpl.<init>(Ljdk/internal/net/http/HttpClientBuilderImpl;Ljdk/internal/net/http/HttpClientImpl$SingleFacadeFactory;)V+191 java.net.http@17.0.11
j  jdk.internal.net.http.HttpClientImpl.create(Ljdk/internal/net/http/HttpClientBuilderImpl;)Ljdk/internal/net/http/HttpClientFacade;+14 java.net.http@17.0.11
j  jdk.internal.net.http.HttpClientBuilderImpl.build()Ljava/net/http/HttpClient;+1 java.net.http@17.0.11
j  externalApp.ExternalAppUtil.sendIdeRequest(Ljava/lang/String;ILjava/lang/String;Ljava/lang/String;)LexternalApp/ExternalAppUtil$Result;+77
j  git4idea.http.GitAskPassApp.main([Ljava/lang/String;)V+37
v  ~StubRoutines::call_stub
ldc  18 ldc  [0x000001d8b6d0f2a0, 0x000001d8b6d0f580]  736 bytes
[MachCode]
  0x000001d8b6d0f2a0: 4883 ec08 | c5fa 1104 | 24eb 1f48 | 83ec 10c5 | fb11 0424 | eb14 4883 | ec10 4889 | 0424 48c7 
  0x000001d8b6d0f2c0: 4424 0800 | 0000 00eb | 0150 410f | b65d 0148 | 8b4d e848 | 8b49 0848 | 8b49 0848 | 8b41 080f 
  0x000001d8b6d0f2e0: b654 1804 | 83fa 6474 | 0e83 fa67 | 7409 83fa | 070f 85bf | 0000 00ba | 0000 0000 | e805 0000 
  0x000001d8b6d0f300: 00e9 aa00 | 0000 488d | 4424 084c | 896d c049 | 8bcf c5f8 | 7749 89af | a802 0000 | 4989 8798 
  0x000001d8b6d0f320: 0200 0048 | 83ec 20f7 | c40f 0000 | 000f 841a | 0000 0048 | 83ec 0849 | ba70 7cb7 | aafa 7f00 
  0x000001d8b6d0f340: 0041 ffd2 | 4883 c408 | e90d 0000 | 0049 ba70 | 7cb7 aafa | 7f00 0041 | ffd2 4883 | c420 49c7 
  0x000001d8b6d0f360: 8798 0200 | 0000 0000 | 0049 c787 | a802 0000 | 0000 0000 | 49c7 87a0 | 0200 0000 | 0000 00c5 
  0x000001d8b6d0f380: f877 4981 | 7f08 0000 | 0000 0f84 | 0500 0000 | e96b 1bff | ff49 8b87 | f002 0000 | 49c7 87f0 
  0x000001d8b6d0f3a0: 0200 0000 | 0000 004c | 8b6d c04c | 8b75 c8c3 | 50e9 9701 | 0000 83fa | 0475 14c5 | fa10 44d9 
  0x000001d8b6d0f3c0: 4848 83ec | 08c5 fa11 | 0424 e97e | 0100 0083 | fa03 750a | 8b44 d948 | 50e9 6f01 | 0000 ba12 
  0x000001d8b6d0f3e0: 0000 00e8 | 0500 0000 | e9aa 0000 | 0048 8d44 | 2408 4c89 | 6dc0 498b | cfc5 f877 | 4989 afa8 
  0x000001d8b6d0f400: 0200 0049 | 8987 9802 | 0000 4883 | ec20 f7c4 | 0f00 0000 | 0f84 1a00 | 0000 4883 | ec08 49ba 
  0x000001d8b6d0f420: d0a1 b7aa | fa7f 0000 | 41ff d248 | 83c4 08e9 | 0d00 0000 | 49ba d0a1 | b7aa fa7f | 0000 41ff 
  0x000001d8b6d0f440: d248 83c4 | 2049 c787 | 9802 0000 | 0000 0000 | 49c7 87a8 | 0200 0000 | 0000 0049 | c787 a002 
  0x000001d8b6d0f460: 0000 0000 | 0000 c5f8 | 7749 817f | 0800 0000 | 000f 8405 | 0000 00e9 | 841a ffff | 498b 87f0 
  0x000001d8b6d0f480: 0200 0049 | c787 f002 | 0000 0000 | 0000 4c8b | 6dc0 4c8b | 75c8 c349 | 8b8f f802 | 0000 49c7 
  0x000001d8b6d0f4a0: 87f8 0200 | 0000 0000 | 008b d981 | e3ff ff00 | 00c1 e91c | 83e1 0f83 | f904 0f85 | 0900 0000 
  0x000001d8b6d0f4c0: 8b04 1850 | e984 0000 | 0083 f906 | 0f85 1300 | 0000 c5fa | 1004 1848 | 83ec 08c5 | fa11 0424 
  0x000001d8b6d0f4e0: e968 0000 | 0083 f903 | 0f85 0a00 | 0000 0fbf | 0418 50e9 | 5500 0000 | 83f9 000f | 850a 0000 
  0x000001d8b6d0f500: 000f be04 | 1850 e942 | 0000 0083 | f902 0f85 | 0a00 0000 | 0fb7 0418 | 50e9 2f00 | 0000 83f9 
  0x000001d8b6d0f520: 010f 850a | 0000 000f | be04 1850 | e91c 0000 | 0048 b9b0 | 451c abfa | 7f00 0048 | 83e4 f049 
  0x000001d8b6d0f540: ba70 cada | aafa 7f00 | 0041 ffd2 | f441 0fb6 | 5d02 4983 | c502 49ba | 40af 3aab | fa7f 0000 
  0x000001d8b6d0f560: 41ff 24da | 0f1f 4000 | 0000 0000 | 0000 0000 | 0000 0000 | 0000 0000 | 0000 0000 | 0000 0000 
[/MachCode]

---------------  P R O C E S S  ---------------

Threads class SMR info:
_java_thread_list=0x000001d8cf259a50, length=12, elements={
0x000001d8ac03c8a0, 0x000001d8cf04e2a0, 0x000001d8cf052e70, 0x000001d8cf09e350,
0x000001d8cf09f720, 0x000001d8cf0be420, 0x000001d8cf0bf0f0, 0x000001d8cf0c1020,
0x000001d8cf0c22f0, 0x000001d8cf0c61f0, 0x000001d8cf246180, 0x000001d8cf24a910
}

Java Threads: ( => current thread )
=>0x000001d8ac03c8a0 JavaThread "main" [_thread_in_vm, id=12580, stack(0x000000cfb0200000,0x000000cfb0300000)]
  0x000001d8cf04e2a0 JavaThread "Reference Handler" daemon [_thread_blocked, id=9844, stack(0x000000cfb0900000,0x000000cfb0a00000)]
  0x000001d8cf052e70 JavaThread "Finalizer" daemon [_thread_blocked, id=19048, stack(0x000000cfb0a00000,0x000000cfb0b00000)]
  0x000001d8cf09e350 JavaThread "Signal Dispatcher" daemon [_thread_blocked, id=1536, stack(0x000000cfb0b00000,0x000000cfb0c00000)]
  0x000001d8cf09f720 JavaThread "Attach Listener" daemon [_thread_blocked, id=13976, stack(0x000000cfb0c00000,0x000000cfb0d00000)]
  0x000001d8cf0be420 JavaThread "Service Thread" daemon [_thread_blocked, id=17184, stack(0x000000cfb0d00000,0x000000cfb0e00000)]
  0x000001d8cf0bf0f0 JavaThread "Monitor Deflation Thread" daemon [_thread_blocked, id=17112, stack(0x000000cfb0e00000,0x000000cfb0f00000)]
  0x000001d8cf0c1020 JavaThread "C2 CompilerThread0" daemon [_thread_blocked, id=17528, stack(0x000000cfb0f00000,0x000000cfb1000000)]
  0x000001d8cf0c22f0 JavaThread "C1 CompilerThread0" daemon [_thread_blocked, id=7088, stack(0x000000cfb1000000,0x000000cfb1100000)]
  0x000001d8cf0c61f0 JavaThread "Sweeper thread" daemon [_thread_blocked, id=14712, stack(0x000000cfb1100000,0x000000cfb1200000)]
  0x000001d8cf246180 JavaThread "Notification Thread" daemon [_thread_blocked, id=10480, stack(0x000000cfb1200000,0x000000cfb1300000)]
  0x000001d8cf24a910 JavaThread "Common-Cleaner" daemon [_thread_blocked, id=11952, stack(0x000000cfb1400000,0x000000cfb1500000)]

Other Threads:
  0x000001d8cf07ec20 VMThread "VM Thread" [stack: 0x000000cfb0800000,0x000000cfb0900000] [id=860]
  0x000001d8cf246660 WatcherThread [stack: 0x000000cfb1300000,0x000000cfb1400000] [id=276]
  0x000001d8ac0a4da0 GCTaskThread "GC Thread#0" [stack: 0x000000cfb0300000,0x000000cfb0400000] [id=19000]
  0x000001d8ac0b58f0 ConcurrentGCThread "G1 Main Marker" [stack: 0x000000cfb0400000,0x000000cfb0500000] [id=3484]
  0x000001d8ac0b6ac0 ConcurrentGCThread "G1 Conc#0" [stack: 0x000000cfb0500000,0x000000cfb0600000] [id=15668]
  0x000001d8ca497480 ConcurrentGCThread "G1 Refine#0" [stack: 0x000000cfb0600000,0x000000cfb0700000] [id=15364]
  0x000001d8ac0f3050 ConcurrentGCThread "G1 Service" [stack: 0x000000cfb0700000,0x000000cfb0800000] [id=6424]

Threads with active compile tasks:

VM state: not at safepoint (normal execution)

VM Mutex/Monitor currently owned by a thread:  ([mutex/lock_event])
[0x000001d8ac039b70] Metaspace_lock - owner thread: 0x000001d8ac03c8a0

Heap address: 0x0000000704000000, size: 4032 MB, Compressed Oops mode: Zero based, Oop shift amount: 3

CDS archive(s) not mapped
Compressed class space mapped at: 0x0000000800000000-0x0000000840000000, reserved size: 1073741824
Narrow klass base: 0x0000000800000000, Narrow klass shift: 0, Narrow klass range: 0x40000000

GC Precious Log:
 CPUs: 8 total, 8 available
 Memory: 16122M
 Large Page Support: Disabled
 NUMA Support: Disabled
 Compressed Oops: Enabled (Zero based)
 Heap Region Size: 2M
 Heap Min Capacity: 8M
 Heap Initial Capacity: 252M
 Heap Max Capacity: 4032M
 Pre-touch: Disabled
 Parallel Workers: 8
 Concurrent Workers: 2
 Concurrent Refinement Workers: 8
 Periodic GC: Disabled

Heap:
 garbage-first heap   total 258048K, used 4096K [0x0000000704000000, 0x0000000800000000)
  region size 2048K, 3 young (6144K), 0 survivors (0K)
 Metaspace       used 10752K, committed 10944K, reserved 1114112K
  class space    used 1024K, committed 1152K, reserved 1048576K

Heap Regions: E=young(eden), S=young(survivor), O=old, HS=humongous(starts), HC=humongous(continues), CS=collection set, F=free, OA=open archive, CA=closed archive, TAMS=top-at-mark-start (previous, next)
|   0|0x0000000704000000, 0x0000000704000000, 0x0000000704200000|  0%| F|  |TAMS 0x0000000704000000, 0x0000000704000000| Untracked 
|   1|0x0000000704200000, 0x0000000704200000, 0x0000000704400000|  0%| F|  |TAMS 0x0000000704200000, 0x0000000704200000| Untracked 
|   2|0x0000000704400000, 0x0000000704400000, 0x0000000704600000|  0%| F|  |TAMS 0x0000000704400000, 0x0000000704400000| Untracked 
|   3|0x0000000704600000, 0x0000000704600000, 0x0000000704800000|  0%| F|  |TAMS 0x0000000704600000, 0x0000000704600000| Untracked 
|   4|0x0000000704800000, 0x0000000704800000, 0x0000000704a00000|  0%| F|  |TAMS 0x0000000704800000, 0x0000000704800000| Untracked 
|   5|0x0000000704a00000, 0x0000000704a00000, 0x0000000704c00000|  0%| F|  |TAMS 0x0000000704a00000, 0x0000000704a00000| Untracked 
|   6|0x0000000704c00000, 0x0000000704c00000, 0x0000000704e00000|  0%| F|  |TAMS 0x0000000704c00000, 0x0000000704c00000| Untracked 
|   7|0x0000000704e00000, 0x0000000704e00000, 0x0000000705000000|  0%| F|  |TAMS 0x0000000704e00000, 0x0000000704e00000| Untracked 
|   8|0x0000000705000000, 0x0000000705000000, 0x0000000705200000|  0%| F|  |TAMS 0x0000000705000000, 0x0000000705000000| Untracked 
|   9|0x0000000705200000, 0x0000000705200000, 0x0000000705400000|  0%| F|  |TAMS 0x0000000705200000, 0x0000000705200000| Untracked 
|  10|0x0000000705400000, 0x0000000705400000, 0x0000000705600000|  0%| F|  |TAMS 0x0000000705400000, 0x0000000705400000| Untracked 
|  11|0x0000000705600000, 0x0000000705600000, 0x0000000705800000|  0%| F|  |TAMS 0x0000000705600000, 0x0000000705600000| Untracked 
|  12|0x0000000705800000, 0x0000000705800000, 0x0000000705a00000|  0%| F|  |TAMS 0x0000000705800000, 0x0000000705800000| Untracked 
|  13|0x0000000705a00000, 0x0000000705a00000, 0x0000000705c00000|  0%| F|  |TAMS 0x0000000705a00000, 0x0000000705a00000| Untracked 
|  14|0x0000000705c00000, 0x0000000705c00000, 0x0000000705e00000|  0%| F|  |TAMS 0x0000000705c00000, 0x0000000705c00000| Untracked 
|  15|0x0000000705e00000, 0x0000000705e00000, 0x0000000706000000|  0%| F|  |TAMS 0x0000000705e00000, 0x0000000705e00000| Untracked 
|  16|0x0000000706000000, 0x0000000706000000, 0x0000000706200000|  0%| F|  |TAMS 0x0000000706000000, 0x0000000706000000| Untracked 
|  17|0x0000000706200000, 0x0000000706200000, 0x0000000706400000|  0%| F|  |TAMS 0x0000000706200000, 0x0000000706200000| Untracked 
|  18|0x0000000706400000, 0x0000000706400000, 0x0000000706600000|  0%| F|  |TAMS 0x0000000706400000, 0x0000000706400000| Untracked 
|  19|0x0000000706600000, 0x0000000706600000, 0x0000000706800000|  0%| F|  |TAMS 0x0000000706600000, 0x0000000706600000| Untracked 
|  20|0x0000000706800000, 0x0000000706800000, 0x0000000706a00000|  0%| F|  |TAMS 0x0000000706800000, 0x0000000706800000| Untracked 
|  21|0x0000000706a00000, 0x0000000706a00000, 0x0000000706c00000|  0%| F|  |TAMS 0x0000000706a00000, 0x0000000706a00000| Untracked 
|  22|0x0000000706c00000, 0x0000000706c00000, 0x0000000706e00000|  0%| F|  |TAMS 0x0000000706c00000, 0x0000000706c00000| Untracked 
|  23|0x0000000706e00000, 0x0000000706e00000, 0x0000000707000000|  0%| F|  |TAMS 0x0000000706e00000, 0x0000000706e00000| Untracked 
|  24|0x0000000707000000, 0x0000000707000000, 0x0000000707200000|  0%| F|  |TAMS 0x0000000707000000, 0x0000000707000000| Untracked 
|  25|0x0000000707200000, 0x0000000707200000, 0x0000000707400000|  0%| F|  |TAMS 0x0000000707200000, 0x0000000707200000| Untracked 
|  26|0x0000000707400000, 0x0000000707400000, 0x0000000707600000|  0%| F|  |TAMS 0x0000000707400000, 0x0000000707400000| Untracked 
|  27|0x0000000707600000, 0x0000000707600000, 0x0000000707800000|  0%| F|  |TAMS 0x0000000707600000, 0x0000000707600000| Untracked 
|  28|0x0000000707800000, 0x0000000707800000, 0x0000000707a00000|  0%| F|  |TAMS 0x0000000707800000, 0x0000000707800000| Untracked 
|  29|0x0000000707a00000, 0x0000000707a00000, 0x0000000707c00000|  0%| F|  |TAMS 0x0000000707a00000, 0x0000000707a00000| Untracked 
|  30|0x0000000707c00000, 0x0000000707c00000, 0x0000000707e00000|  0%| F|  |TAMS 0x0000000707c00000, 0x0000000707c00000| Untracked 
|  31|0x0000000707e00000, 0x0000000707e00000, 0x0000000708000000|  0%| F|  |TAMS 0x0000000707e00000, 0x0000000707e00000| Untracked 
|  32|0x0000000708000000, 0x0000000708000000, 0x0000000708200000|  0%| F|  |TAMS 0x0000000708000000, 0x0000000708000000| Untracked 
|  33|0x0000000708200000, 0x0000000708200000, 0x0000000708400000|  0%| F|  |TAMS 0x0000000708200000, 0x0000000708200000| Untracked 
|  34|0x0000000708400000, 0x0000000708400000, 0x0000000708600000|  0%| F|  |TAMS 0x0000000708400000, 0x0000000708400000| Untracked 
|  35|0x0000000708600000, 0x0000000708600000, 0x0000000708800000|  0%| F|  |TAMS 0x0000000708600000, 0x0000000708600000| Untracked 
|  36|0x0000000708800000, 0x0000000708800000, 0x0000000708a00000|  0%| F|  |TAMS 0x0000000708800000, 0x0000000708800000| Untracked 
|  37|0x0000000708a00000, 0x0000000708a00000, 0x0000000708c00000|  0%| F|  |TAMS 0x0000000708a00000, 0x0000000708a00000| Untracked 
|  38|0x0000000708c00000, 0x0000000708c00000, 0x0000000708e00000|  0%| F|  |TAMS 0x0000000708c00000, 0x0000000708c00000| Untracked 
|  39|0x0000000708e00000, 0x0000000708e00000, 0x0000000709000000|  0%| F|  |TAMS 0x0000000708e00000, 0x0000000708e00000| Untracked 
|  40|0x0000000709000000, 0x0000000709000000, 0x0000000709200000|  0%| F|  |TAMS 0x0000000709000000, 0x0000000709000000| Untracked 
|  41|0x0000000709200000, 0x0000000709200000, 0x0000000709400000|  0%| F|  |TAMS 0x0000000709200000, 0x0000000709200000| Untracked 
|  42|0x0000000709400000, 0x0000000709400000, 0x0000000709600000|  0%| F|  |TAMS 0x0000000709400000, 0x0000000709400000| Untracked 
|  43|0x0000000709600000, 0x0000000709600000, 0x0000000709800000|  0%| F|  |TAMS 0x0000000709600000, 0x0000000709600000| Untracked 
|  44|0x0000000709800000, 0x0000000709800000, 0x0000000709a00000|  0%| F|  |TAMS 0x0000000709800000, 0x0000000709800000| Untracked 
|  45|0x0000000709a00000, 0x0000000709a00000, 0x0000000709c00000|  0%| F|  |TAMS 0x0000000709a00000, 0x0000000709a00000| Untracked 
|  46|0x0000000709c00000, 0x0000000709c00000, 0x0000000709e00000|  0%| F|  |TAMS 0x0000000709c00000, 0x0000000709c00000| Untracked 
|  47|0x0000000709e00000, 0x0000000709e00000, 0x000000070a000000|  0%| F|  |TAMS 0x0000000709e00000, 0x0000000709e00000| Untracked 
|  48|0x000000070a000000, 0x000000070a000000, 0x000000070a200000|  0%| F|  |TAMS 0x000000070a000000, 0x000000070a000000| Untracked 
|  49|0x000000070a200000, 0x000000070a200000, 0x000000070a400000|  0%| F|  |TAMS 0x000000070a200000, 0x000000070a200000| Untracked 
|  50|0x000000070a400000, 0x000000070a400000, 0x000000070a600000|  0%| F|  |TAMS 0x000000070a400000, 0x000000070a400000| Untracked 
|  51|0x000000070a600000, 0x000000070a600000, 0x000000070a800000|  0%| F|  |TAMS 0x000000070a600000, 0x000000070a600000| Untracked 
|  52|0x000000070a800000, 0x000000070a800000, 0x000000070aa00000|  0%| F|  |TAMS 0x000000070a800000, 0x000000070a800000| Untracked 
|  53|0x000000070aa00000, 0x000000070aa00000, 0x000000070ac00000|  0%| F|  |TAMS 0x000000070aa00000, 0x000000070aa00000| Untracked 
|  54|0x000000070ac00000, 0x000000070ac00000, 0x000000070ae00000|  0%| F|  |TAMS 0x000000070ac00000, 0x000000070ac00000| Untracked 
|  55|0x000000070ae00000, 0x000000070ae00000, 0x000000070b000000|  0%| F|  |TAMS 0x000000070ae00000, 0x000000070ae00000| Untracked 
|  56|0x000000070b000000, 0x000000070b000000, 0x000000070b200000|  0%| F|  |TAMS 0x000000070b000000, 0x000000070b000000| Untracked 
|  57|0x000000070b200000, 0x000000070b200000, 0x000000070b400000|  0%| F|  |TAMS 0x000000070b200000, 0x000000070b200000| Untracked 
|  58|0x000000070b400000, 0x000000070b400000, 0x000000070b600000|  0%| F|  |TAMS 0x000000070b400000, 0x000000070b400000| Untracked 
|  59|0x000000070b600000, 0x000000070b600000, 0x000000070b800000|  0%| F|  |TAMS 0x000000070b600000, 0x000000070b600000| Untracked 
|  60|0x000000070b800000, 0x000000070b800000, 0x000000070ba00000|  0%| F|  |TAMS 0x000000070b800000, 0x000000070b800000| Untracked 
|  61|0x000000070ba00000, 0x000000070ba00000, 0x000000070bc00000|  0%| F|  |TAMS 0x000000070ba00000, 0x000000070ba00000| Untracked 
|  62|0x000000070bc00000, 0x000000070bc00000, 0x000000070be00000|  0%| F|  |TAMS 0x000000070bc00000, 0x000000070bc00000| Untracked 
|  63|0x000000070be00000, 0x000000070be00000, 0x000000070c000000|  0%| F|  |TAMS 0x000000070be00000, 0x000000070be00000| Untracked 
|  64|0x000000070c000000, 0x000000070c000000, 0x000000070c200000|  0%| F|  |TAMS 0x000000070c000000, 0x000000070c000000| Untracked 
|  65|0x000000070c200000, 0x000000070c200000, 0x000000070c400000|  0%| F|  |TAMS 0x000000070c200000, 0x000000070c200000| Untracked 
|  66|0x000000070c400000, 0x000000070c400000, 0x000000070c600000|  0%| F|  |TAMS 0x000000070c400000, 0x000000070c400000| Untracked 
|  67|0x000000070c600000, 0x000000070c600000, 0x000000070c800000|  0%| F|  |TAMS 0x000000070c600000, 0x000000070c600000| Untracked 
|  68|0x000000070c800000, 0x000000070c800000, 0x000000070ca00000|  0%| F|  |TAMS 0x000000070c800000, 0x000000070c800000| Untracked 
|  69|0x000000070ca00000, 0x000000070ca00000, 0x000000070cc00000|  0%| F|  |TAMS 0x000000070ca00000, 0x000000070ca00000| Untracked 
|  70|0x000000070cc00000, 0x000000070cc00000, 0x000000070ce00000|  0%| F|  |TAMS 0x000000070cc00000, 0x000000070cc00000| Untracked 
|  71|0x000000070ce00000, 0x000000070ce00000, 0x000000070d000000|  0%| F|  |TAMS 0x000000070ce00000, 0x000000070ce00000| Untracked 
|  72|0x000000070d000000, 0x000000070d000000, 0x000000070d200000|  0%| F|  |TAMS 0x000000070d000000, 0x000000070d000000| Untracked 
|  73|0x000000070d200000, 0x000000070d200000, 0x000000070d400000|  0%| F|  |TAMS 0x000000070d200000, 0x000000070d200000| Untracked 
|  74|0x000000070d400000, 0x000000070d400000, 0x000000070d600000|  0%| F|  |TAMS 0x000000070d400000, 0x000000070d400000| Untracked 
|  75|0x000000070d600000, 0x000000070d600000, 0x000000070d800000|  0%| F|  |TAMS 0x000000070d600000, 0x000000070d600000| Untracked 
|  76|0x000000070d800000, 0x000000070d800000, 0x000000070da00000|  0%| F|  |TAMS 0x000000070d800000, 0x000000070d800000| Untracked 
|  77|0x000000070da00000, 0x000000070da00000, 0x000000070dc00000|  0%| F|  |TAMS 0x000000070da00000, 0x000000070da00000| Untracked 
|  78|0x000000070dc00000, 0x000000070dc00000, 0x000000070de00000|  0%| F|  |TAMS 0x000000070dc00000, 0x000000070dc00000| Untracked 
|  79|0x000000070de00000, 0x000000070de00000, 0x000000070e000000|  0%| F|  |TAMS 0x000000070de00000, 0x000000070de00000| Untracked 
|  80|0x000000070e000000, 0x000000070e000000, 0x000000070e200000|  0%| F|  |TAMS 0x000000070e000000, 0x000000070e000000| Untracked 
|  81|0x000000070e200000, 0x000000070e200000, 0x000000070e400000|  0%| F|  |TAMS 0x000000070e200000, 0x000000070e200000| Untracked 
|  82|0x000000070e400000, 0x000000070e400000, 0x000000070e600000|  0%| F|  |TAMS 0x000000070e400000, 0x000000070e400000| Untracked 
|  83|0x000000070e600000, 0x000000070e600000, 0x000000070e800000|  0%| F|  |TAMS 0x000000070e600000, 0x000000070e600000| Untracked 
|  84|0x000000070e800000, 0x000000070e800000, 0x000000070ea00000|  0%| F|  |TAMS 0x000000070e800000, 0x000000070e800000| Untracked 
|  85|0x000000070ea00000, 0x000000070ea00000, 0x000000070ec00000|  0%| F|  |TAMS 0x000000070ea00000, 0x000000070ea00000| Untracked 
|  86|0x000000070ec00000, 0x000000070ec00000, 0x000000070ee00000|  0%| F|  |TAMS 0x000000070ec00000, 0x000000070ec00000| Untracked 
|  87|0x000000070ee00000, 0x000000070ee00000, 0x000000070f000000|  0%| F|  |TAMS 0x000000070ee00000, 0x000000070ee00000| Untracked 
|  88|0x000000070f000000, 0x000000070f000000, 0x000000070f200000|  0%| F|  |TAMS 0x000000070f000000, 0x000000070f000000| Untracked 
|  89|0x000000070f200000, 0x000000070f200000, 0x000000070f400000|  0%| F|  |TAMS 0x000000070f200000, 0x000000070f200000| Untracked 
|  90|0x000000070f400000, 0x000000070f400000, 0x000000070f600000|  0%| F|  |TAMS 0x000000070f400000, 0x000000070f400000| Untracked 
|  91|0x000000070f600000, 0x000000070f600000, 0x000000070f800000|  0%| F|  |TAMS 0x000000070f600000, 0x000000070f600000| Untracked 
|  92|0x000000070f800000, 0x000000070f800000, 0x000000070fa00000|  0%| F|  |TAMS 0x000000070f800000, 0x000000070f800000| Untracked 
|  93|0x000000070fa00000, 0x000000070fa00000, 0x000000070fc00000|  0%| F|  |TAMS 0x000000070fa00000, 0x000000070fa00000| Untracked 
|  94|0x000000070fc00000, 0x000000070fc00000, 0x000000070fe00000|  0%| F|  |TAMS 0x000000070fc00000, 0x000000070fc00000| Untracked 
|  95|0x000000070fe00000, 0x000000070fe00000, 0x0000000710000000|  0%| F|  |TAMS 0x000000070fe00000, 0x000000070fe00000| Untracked 
|  96|0x0000000710000000, 0x0000000710000000, 0x0000000710200000|  0%| F|  |TAMS 0x0000000710000000, 0x0000000710000000| Untracked 
|  97|0x0000000710200000, 0x0000000710200000, 0x0000000710400000|  0%| F|  |TAMS 0x0000000710200000, 0x0000000710200000| Untracked 
|  98|0x0000000710400000, 0x0000000710400000, 0x0000000710600000|  0%| F|  |TAMS 0x0000000710400000, 0x0000000710400000| Untracked 
|  99|0x0000000710600000, 0x0000000710600000, 0x0000000710800000|  0%| F|  |TAMS 0x0000000710600000, 0x0000000710600000| Untracked 
| 100|0x0000000710800000, 0x0000000710800000, 0x0000000710a00000|  0%| F|  |TAMS 0x0000000710800000, 0x0000000710800000| Untracked 
| 101|0x0000000710a00000, 0x0000000710a00000, 0x0000000710c00000|  0%| F|  |TAMS 0x0000000710a00000, 0x0000000710a00000| Untracked 
| 102|0x0000000710c00000, 0x0000000710c00000, 0x0000000710e00000|  0%| F|  |TAMS 0x0000000710c00000, 0x0000000710c00000| Untracked 
| 103|0x0000000710e00000, 0x0000000710e00000, 0x0000000711000000|  0%| F|  |TAMS 0x0000000710e00000, 0x0000000710e00000| Untracked 
| 104|0x0000000711000000, 0x0000000711000000, 0x0000000711200000|  0%| F|  |TAMS 0x0000000711000000, 0x0000000711000000| Untracked 
| 105|0x0000000711200000, 0x0000000711200000, 0x0000000711400000|  0%| F|  |TAMS 0x0000000711200000, 0x0000000711200000| Untracked 
| 106|0x0000000711400000, 0x0000000711400000, 0x0000000711600000|  0%| F|  |TAMS 0x0000000711400000, 0x0000000711400000| Untracked 
| 107|0x0000000711600000, 0x0000000711600000, 0x0000000711800000|  0%| F|  |TAMS 0x0000000711600000, 0x0000000711600000| Untracked 
| 108|0x0000000711800000, 0x0000000711800000, 0x0000000711a00000|  0%| F|  |TAMS 0x0000000711800000, 0x0000000711800000| Untracked 
| 109|0x0000000711a00000, 0x0000000711a00000, 0x0000000711c00000|  0%| F|  |TAMS 0x0000000711a00000, 0x0000000711a00000| Untracked 
| 110|0x0000000711c00000, 0x0000000711c00000, 0x0000000711e00000|  0%| F|  |TAMS 0x0000000711c00000, 0x0000000711c00000| Untracked 
| 111|0x0000000711e00000, 0x0000000711e00000, 0x0000000712000000|  0%| F|  |TAMS 0x0000000711e00000, 0x0000000711e00000| Untracked 
| 112|0x0000000712000000, 0x0000000712000000, 0x0000000712200000|  0%| F|  |TAMS 0x0000000712000000, 0x0000000712000000| Untracked 
| 113|0x0000000712200000, 0x0000000712200000, 0x0000000712400000|  0%| F|  |TAMS 0x0000000712200000, 0x0000000712200000| Untracked 
| 114|0x0000000712400000, 0x0000000712400000, 0x0000000712600000|  0%| F|  |TAMS 0x0000000712400000, 0x0000000712400000| Untracked 
| 115|0x0000000712600000, 0x0000000712600000, 0x0000000712800000|  0%| F|  |TAMS 0x0000000712600000, 0x0000000712600000| Untracked 
| 116|0x0000000712800000, 0x0000000712800000, 0x0000000712a00000|  0%| F|  |TAMS 0x0000000712800000, 0x0000000712800000| Untracked 
| 117|0x0000000712a00000, 0x0000000712a00000, 0x0000000712c00000|  0%| F|  |TAMS 0x0000000712a00000, 0x0000000712a00000| Untracked 
| 118|0x0000000712c00000, 0x0000000712c00000, 0x0000000712e00000|  0%| F|  |TAMS 0x0000000712c00000, 0x0000000712c00000| Untracked 
| 119|0x0000000712e00000, 0x0000000712e00000, 0x0000000713000000|  0%| F|  |TAMS 0x0000000712e00000, 0x0000000712e00000| Untracked 
| 120|0x0000000713000000, 0x0000000713000000, 0x0000000713200000|  0%| F|  |TAMS 0x0000000713000000, 0x0000000713000000| Untracked 
| 121|0x0000000713200000, 0x0000000713200000, 0x0000000713400000|  0%| F|  |TAMS 0x0000000713200000, 0x0000000713200000| Untracked 
| 122|0x0000000713400000, 0x0000000713400000, 0x0000000713600000|  0%| F|  |TAMS 0x0000000713400000, 0x0000000713400000| Untracked 
| 123|0x0000000713600000, 0x0000000713800000, 0x0000000713800000|100%| E|  |TAMS 0x0000000713600000, 0x0000000713600000| Complete 
| 124|0x0000000713800000, 0x0000000713a00000, 0x0000000713a00000|100%| E|CS|TAMS 0x0000000713800000, 0x0000000713800000| Complete 
| 125|0x0000000713a00000, 0x0000000713c00000, 0x0000000713c00000|100%| E|CS|TAMS 0x0000000713a00000, 0x0000000713a00000| Complete 

Card table byte_map: [0x000001d8bf2e0000,0x000001d8bfac0000] _byte_map_base: 0x000001d8bbac0000

Marking Bits (Prev, Next): (CMBitMap*) 0x000001d8ac0a53c0, (CMBitMap*) 0x000001d8ac0a5400
 Prev Bits: [0x000001d8c02a0000, 0x000001d8c41a0000)
 Next Bits: [0x000001d8c41a0000, 0x000001d8c80a0000)

Polling page: 0x000001d8aa040000

Metaspace:

Usage:
  Non-class:      9.50 MB used.
      Class:      1.00 MB used.
       Both:     10.50 MB used.

Virtual space:
  Non-class space:       64.00 MB reserved,       9.56 MB ( 15%) committed,  1 nodes.
      Class space:        1.00 GB reserved,       1.12 MB ( <1%) committed,  1 nodes.
             Both:        1.06 GB reserved,      10.69 MB ( <1%) committed. 

Chunk freelists:
   Non-Class:  6.28 MB
       Class:  14.75 MB
        Both:  21.03 MB

MaxMetaspaceSize: unlimited
CompressedClassSpaceSize: 1.00 GB
Initial GC threshold: 21.00 MB
Current GC threshold: 21.00 MB
CDS: off
MetaspaceReclaimPolicy: balanced
 - commit_granule_bytes: 65536.
 - commit_granule_words: 8192.
 - virtual_space_node_default_size: 8388608.
 - enlarge_chunks_in_place: 1.
 - new_chunks_are_fully_committed: 0.
 - uncommit_free_chunks: 1.
 - use_allocation_guard: 0.
 - handle_deallocations: 1.


Internal statistics:

num_allocs_failed_limit: 0.
num_arena_births: 54.
num_arena_deaths: 0.
num_vsnodes_births: 2.
num_vsnodes_deaths: 0.
num_space_committed: 171.
num_space_uncommitted: 0.
num_chunks_returned_to_freelist: 0.
num_chunks_taken_from_freelist: 102.
num_chunk_merges: 0.
num_chunk_splits: 53.
num_chunks_enlarged: 32.
num_inconsistent_stats: 0.

CodeHeap 'non-profiled nmethods': size=120000Kb used=163Kb max_used=163Kb free=119836Kb
 bounds [0x000001d8b72a0000, 0x000001d8b7510000, 0x000001d8be7d0000]
CodeHeap 'profiled nmethods': size=120000Kb used=821Kb max_used=821Kb free=119178Kb
 bounds [0x000001d8af7d0000, 0x000001d8afa40000, 0x000001d8b6d00000]
CodeHeap 'non-nmethods': size=5760Kb used=1159Kb max_used=1171Kb free=4600Kb
 bounds [0x000001d8b6d00000, 0x000001d8b6f70000, 0x000001d8b72a0000]
 total_blobs=1000 nmethods=562 adapters=351
 compilation: enabled
              stopped_count=0, restarted_count=0
 full_count=0

Compilation events (20 events):
Event: 0.241 Thread 0x000001d8cf0c22f0 nmethod 549 0x000001d8af89a010 code [0x000001d8af89a1a0, 0x000001d8af89a2d8]
Event: 0.241 Thread 0x000001d8cf0c22f0  550       3       java.lang.invoke.LambdaForm::internArgument (85 bytes)
Event: 0.241 Thread 0x000001d8cf0c22f0 nmethod 550 0x000001d8af89a390 code [0x000001d8af89a560, 0x000001d8af89a8c8]
Event: 0.241 Thread 0x000001d8cf0c22f0  551       3       java.lang.Long::<init> (10 bytes)
Event: 0.241 Thread 0x000001d8cf0c22f0 nmethod 551 0x000001d8af89aa90 code [0x000001d8af89ac40, 0x000001d8af89ae18]
Event: 0.241 Thread 0x000001d8cf0c22f0  553       3       java.lang.invoke.LambdaForm::parameter (38 bytes)
Event: 0.241 Thread 0x000001d8cf0c22f0 nmethod 553 0x000001d8af89af10 code [0x000001d8af89b0a0, 0x000001d8af89b1f8]
Event: 0.241 Thread 0x000001d8cf0c22f0  554       3       java.lang.invoke.LambdaForm::uncustomize (57 bytes)
Event: 0.241 Thread 0x000001d8cf0c22f0 nmethod 554 0x000001d8af89b310 code [0x000001d8af89b4c0, 0x000001d8af89b7e8]
Event: 0.241 Thread 0x000001d8cf0c1020 nmethod 545 0x000001d8b72c8510 code [0x000001d8b72c8680, 0x000001d8b72c8878]
Event: 0.241 Thread 0x000001d8cf0c22f0  558       3       java.lang.invoke.LambdaForm::parameterType (9 bytes)
Event: 0.241 Thread 0x000001d8cf0c22f0 nmethod 558 0x000001d8af89b910 code [0x000001d8af89bac0, 0x000001d8af89bc08]
Event: 0.241 Thread 0x000001d8cf0c22f0  559       3       jdk.internal.org.objectweb.asm.MethodWriter::visitVarInsn (302 bytes)
Event: 0.242 Thread 0x000001d8cf0c22f0 nmethod 559 0x000001d8af89bd10 code [0x000001d8af89bf60, 0x000001d8af89c908]
Event: 0.242 Thread 0x000001d8cf0c22f0  560       3       jdk.internal.org.objectweb.asm.SymbolTable::hash (15 bytes)
Event: 0.242 Thread 0x000001d8cf0c22f0 nmethod 560 0x000001d8af89cb90 code [0x000001d8af89cd40, 0x000001d8af89ced8]
Event: 0.242 Thread 0x000001d8cf0c22f0  561       3       jdk.internal.org.objectweb.asm.SymbolTable$Entry::<init> (18 bytes)
Event: 0.242 Thread 0x000001d8cf0c22f0 nmethod 561 0x000001d8af89d010 code [0x000001d8af89d1c0, 0x000001d8af89d348]
Event: 0.242 Thread 0x000001d8cf0c22f0  562       3       java.lang.invoke.MethodType::erase (8 bytes)
Event: 0.242 Thread 0x000001d8cf0c22f0 nmethod 562 0x000001d8af89d410 code [0x000001d8af89d5a0, 0x000001d8af89d6d8]

GC Heap History (0 events):
No events

Dll operation events (1 events):
Event: 0.006 Loaded shared library C:\Program Files\JetBrains\IntelliJ IDEA Community Edition 2023.3.5\jbr\bin\java.dll

Deoptimization events (2 events):
Event: 0.206 Thread 0x000001d8ac03c8a0 DEOPT PACKING pc=0x000001d8af80412d sp=0x000000cfb02fdc40
Event: 0.206 Thread 0x000001d8ac03c8a0 DEOPT UNPACKING pc=0x000001d8b6d5ace3 sp=0x000000cfb02fd0d8 mode 0

Classes unloaded (0 events):
No events

Classes redefined (0 events):
No events

Internal exceptions (15 events):
Event: 0.135 Thread 0x000001d8ac03c8a0 Exception <a 'sun/nio/fs/WindowsException'{0x00000007138d5338}> (0x00000007138d5338) 
thrown [s\src\hotspot\share\prims\jni.cpp, line 531]
Event: 0.146 Thread 0x000001d8ac03c8a0 Exception <a 'java/lang/NoSuchMethodError'{0x0000000713900eb8}: 'int java.lang.invoke.DirectMethodHandle$Holder.invokeStaticInit(java.lang.Object, java.lang.Object, java.lang.Object, java.lang.Object)'> (0x0000000713900eb8) 
thrown [s\src\hotspot\share\interpreter\linkResolver.cpp, line 771]
Event: 0.147 Thread 0x000001d8ac03c8a0 Exception <a 'java/lang/NoSuchMethodError'{0x000000071390bb18}: 'java.lang.Object java.lang.invoke.DirectMethodHandle$Holder.invokeInterface(java.lang.Object, java.lang.Object)'> (0x000000071390bb18) 
thrown [s\src\hotspot\share\interpreter\linkResolver.cpp, line 771]
Event: 0.147 Thread 0x000001d8ac03c8a0 Exception <a 'java/lang/IncompatibleClassChangeError'{0x000000071390f438}: Found class java.lang.Object, but interface was expected> (0x000000071390f438) 
thrown [s\src\hotspot\share\interpreter\linkResolver.cpp, line 838]
Event: 0.148 Thread 0x000001d8ac03c8a0 Exception <a 'java/lang/NoSuchMethodError'{0x00000007139127e8}: 'void java.lang.invoke.DirectMethodHandle$Holder.invokeStatic(java.lang.Object, java.lang.Object)'> (0x00000007139127e8) 
thrown [s\src\hotspot\share\interpreter\linkResolver.cpp, line 771]
Event: 0.148 Thread 0x000001d8ac03c8a0 Exception <a 'java/lang/NoSuchMethodError'{0x0000000713916100}: 'void java.lang.invoke.DirectMethodHandle$Holder.invokeStaticInit(java.lang.Object, java.lang.Object)'> (0x0000000713916100) 
thrown [s\src\hotspot\share\interpreter\linkResolver.cpp, line 771]
Event: 0.149 Thread 0x000001d8ac03c8a0 Exception <a 'java/lang/NoSuchMethodError'{0x000000071391c978}: 'int java.lang.invoke.DirectMethodHandle$Holder.invokeStaticInit(java.lang.Object, java.lang.Object)'> (0x000000071391c978) 
thrown [s\src\hotspot\share\interpreter\linkResolver.cpp, line 771]
Event: 0.171 Thread 0x000001d8ac03c8a0 Exception <a 'java/lang/NoSuchMethodError'{0x0000000713603e18}: 'java.lang.Object java.lang.invoke.DirectMethodHandle$Holder.invokeStaticInit(java.lang.Object, int, int, int, int)'> (0x0000000713603e18) 
thrown [s\src\hotspot\share\interpreter\linkResolver.cpp, line 771]
Event: 0.213 Thread 0x000001d8ac03c8a0 Exception <a 'java/lang/NoSuchMethodError'{0x00000007136f0318}: 'java.lang.Object java.lang.invoke.DirectMethodHandle$Holder.invokeStaticInit(java.lang.Object, java.lang.Object, int, int, int, int)'> (0x00000007136f0318) 
thrown [s\src\hotspot\share\interpreter\linkResolver.cpp, line 771]
Event: 0.219 Thread 0x000001d8ac03c8a0 Exception <a 'java/lang/NoSuchMethodError'{0x00000007137511e8}: 'java.lang.Object java.lang.invoke.DirectMethodHandle$Holder.invokeStatic(java.lang.Object, java.lang.Object, int)'> (0x00000007137511e8) 
thrown [s\src\hotspot\share\interpreter\linkResolver.cpp, line 771]
Event: 0.220 Thread 0x000001d8ac03c8a0 Exception <a 'java/lang/NoSuchMethodError'{0x000000071375cd10}: 'java.lang.Object java.lang.invoke.DirectMethodHandle$Holder.invokeStaticInit(java.lang.Object, java.lang.Object, int)'> (0x000000071375cd10) 
thrown [s\src\hotspot\share\interpreter\linkResolver.cpp, line 771]
Event: 0.220 Thread 0x000001d8ac03c8a0 Exception <a 'java/lang/NoSuchMethodError'{0x00000007137630c0}: 'java.lang.Object java.lang.invoke.DirectMethodHandle$Holder.newInvokeSpecial(java.lang.Object, java.lang.Object, int)'> (0x00000007137630c0) 
thrown [s\src\hotspot\share\interpreter\linkResolver.cpp, line 771]
Event: 0.222 Thread 0x000001d8ac03c8a0 Exception <a 'java/lang/NoSuchMethodError'{0x0000000713772a30}: 'int java.lang.invoke.DirectMethodHandle$Holder.invokeStaticInit(java.lang.Object, java.lang.Object, java.lang.Object)'> (0x0000000713772a30) 
thrown [s\src\hotspot\share\interpreter\linkResolver.cpp, line 771]
Event: 0.224 Thread 0x000001d8ac03c8a0 Exception <a 'java/lang/NoSuchMethodError'{0x0000000713782c10}: 'int java.lang.invoke.DirectMethodHandle$Holder.invokeSpecial(java.lang.Object, java.lang.Object, java.lang.Object)'> (0x0000000713782c10) 
thrown [s\src\hotspot\share\interpreter\linkResolver.cpp, line 771]
Event: 0.225 Thread 0x000001d8ac03c8a0 Exception <a 'java/lang/NoSuchMethodError'{0x000000071378aff0}: 'int java.lang.invoke.DirectMethodHandle$Holder.invokeSpecialIFC(java.lang.Object, java.lang.Object, java.lang.Object)'> (0x000000071378aff0) 
thrown [s\src\hotspot\share\interpreter\linkResolver.cpp, line 771]

VM Operations (6 events):
Event: 0.076 Executing VM operation: HandshakeAllThreads
Event: 0.076 Executing VM operation: HandshakeAllThreads done
Event: 0.085 Executing VM operation: HandshakeAllThreads
Event: 0.085 Executing VM operation: HandshakeAllThreads done
Event: 0.183 Executing VM operation: HandshakeAllThreads
Event: 0.183 Executing VM operation: HandshakeAllThreads done

Events (20 events):
Event: 0.241 loading class java/lang/invoke/BoundMethodHandle$Species_LLLL done
Event: 0.242 loading class java/util/concurrent/Executors
Event: 0.242 loading class java/util/concurrent/Executors done
Event: 0.242 loading class java/util/concurrent/ThreadPoolExecutor
Event: 0.242 loading class java/util/concurrent/ThreadPoolExecutor done
Event: 0.242 loading class java/util/concurrent/ThreadPoolExecutor$AbortPolicy
Event: 0.242 loading class java/util/concurrent/RejectedExecutionHandler
Event: 0.242 loading class java/util/concurrent/RejectedExecutionHandler done
Event: 0.242 loading class java/util/concurrent/ThreadPoolExecutor$AbortPolicy done
Event: 0.242 loading class java/util/concurrent/SynchronousQueue
Event: 0.242 loading class java/util/concurrent/BlockingQueue
Event: 0.243 loading class java/util/concurrent/BlockingQueue done
Event: 0.243 loading class java/util/AbstractQueue
Event: 0.243 loading class java/util/AbstractQueue done
Event: 0.243 loading class java/util/concurrent/SynchronousQueue done
Event: 0.243 loading class java/util/concurrent/SynchronousQueue$TransferStack
Event: 0.243 loading class java/util/concurrent/SynchronousQueue$Transferer
Event: 0.243 loading class java/util/concurrent/SynchronousQueue$Transferer done
Event: 0.243 loading class java/util/concurrent/SynchronousQueue$TransferStack done
Event: 0.243 loading class java/util/concurrent/SynchronousQueue$TransferStack$SNode


Dynamic libraries:
0x00007ff749f80000 - 0x00007ff749f8a000 	C:\Program Files\JetBrains\IntelliJ IDEA Community Edition 2023.3.5\jbr\bin\java.exe
0x00007ffb26290000 - 0x00007ffb26488000 	C:\windows\SYSTEM32\ntdll.dll
0x00007ffb24df0000 - 0x00007ffb24ead000 	C:\windows\System32\KERNEL32.DLL
0x00007ffb23cd0000 - 0x00007ffb23fc6000 	C:\windows\System32\KERNELBASE.dll
0x00007ffb24180000 - 0x00007ffb24280000 	C:\windows\System32\ucrtbase.dll
0x00007ffab6520000 - 0x00007ffab653b000 	C:\Program Files\JetBrains\IntelliJ IDEA Community Edition 2023.3.5\jbr\bin\VCRUNTIME140.dll
0x00007ffadba90000 - 0x00007ffadbaa7000 	C:\Program Files\JetBrains\IntelliJ IDEA Community Edition 2023.3.5\jbr\bin\jli.dll
0x00007ffb25520000 - 0x00007ffb256be000 	C:\windows\System32\USER32.dll
0x00007ffb035f0000 - 0x00007ffb0388a000 	C:\windows\WinSxS\amd64_microsoft.windows.common-controls_6595b64144ccf1df_6.0.19041.3636_none_60b6a03d71f818d5\COMCTL32.dll
0x00007ffb23970000 - 0x00007ffb23992000 	C:\windows\System32\win32u.dll
0x00007ffb24760000 - 0x00007ffb247fe000 	C:\windows\System32\msvcrt.dll
0x00007ffb257f0000 - 0x00007ffb2581c000 	C:\windows\System32\GDI32.dll
0x00007ffb23bb0000 - 0x00007ffb23cca000 	C:\windows\System32\gdi32full.dll
0x00007ffb24000000 - 0x00007ffb2409d000 	C:\windows\System32\msvcp_win.dll
0x00007ffb24c80000 - 0x00007ffb24cb0000 	C:\windows\System32\IMM32.DLL
0x00007ffb09660000 - 0x00007ffb0966c000 	C:\Program Files\JetBrains\IntelliJ IDEA Community Edition 2023.3.5\jbr\bin\vcruntime140_1.dll
0x00007ffaa4f80000 - 0x00007ffaa500d000 	C:\Program Files\JetBrains\IntelliJ IDEA Community Edition 2023.3.5\jbr\bin\msvcp140.dll
0x00007ffaaa7f0000 - 0x00007ffaab473000 	C:\Program Files\JetBrains\IntelliJ IDEA Community Edition 2023.3.5\jbr\bin\server\jvm.dll
0x00007ffb261a0000 - 0x00007ffb2624f000 	C:\windows\System32\ADVAPI32.dll
0x00007ffb26090000 - 0x00007ffb2612c000 	C:\windows\System32\sechost.dll
0x00007ffb249a0000 - 0x00007ffb24ac6000 	C:\windows\System32\RPCRT4.dll
0x00007ffb22e80000 - 0x00007ffb22ecb000 	C:\windows\SYSTEM32\POWRPROF.dll
0x00007ffb056a0000 - 0x00007ffb056a9000 	C:\windows\SYSTEM32\WSOCK32.dll
0x00007ffb1d5d0000 - 0x00007ffb1d5da000 	C:\windows\SYSTEM32\VERSION.dll
0x00007ffb21450000 - 0x00007ffb21477000 	C:\windows\SYSTEM32\WINMM.dll
0x00007ffb26130000 - 0x00007ffb2619b000 	C:\windows\System32\WS2_32.dll
0x00007ffb22d50000 - 0x00007ffb22d62000 	C:\windows\SYSTEM32\UMPDC.dll
0x00007ffb21f90000 - 0x00007ffb21fa2000 	C:\windows\SYSTEM32\kernel.appcore.dll
0x00007ffb097f0000 - 0x00007ffb097fa000 	C:\Program Files\JetBrains\IntelliJ IDEA Community Edition 2023.3.5\jbr\bin\jimage.dll
0x00007ffb21220000 - 0x00007ffb21404000 	C:\windows\SYSTEM32\DBGHELP.DLL
0x00007ffb211e0000 - 0x00007ffb21214000 	C:\windows\SYSTEM32\dbgcore.DLL
0x00007ffb240a0000 - 0x00007ffb24122000 	C:\windows\System32\bcryptPrimitives.dll
0x00007ffb09630000 - 0x00007ffb09655000 	C:\Program Files\JetBrains\IntelliJ IDEA Community Edition 2023.3.5\jbr\bin\java.dll
0x00007ffb09610000 - 0x00007ffb09628000 	C:\Program Files\JetBrains\IntelliJ IDEA Community Edition 2023.3.5\jbr\bin\zip.dll
0x00007ffb25940000 - 0x00007ffb26085000 	C:\windows\System32\SHELL32.dll
0x00007ffb217f0000 - 0x00007ffb21f8b000 	C:\windows\SYSTEM32\windows.storage.dll
0x00007ffb250d0000 - 0x00007ffb25424000 	C:\windows\System32\combase.dll
0x00007ffb232d0000 - 0x00007ffb232fd000 	C:\windows\SYSTEM32\Wldp.dll
0x00007ffb24d40000 - 0x00007ffb24ded000 	C:\windows\System32\SHCORE.dll
0x00007ffb256c0000 - 0x00007ffb25715000 	C:\windows\System32\shlwapi.dll
0x00007ffb238a0000 - 0x00007ffb238c5000 	C:\windows\SYSTEM32\profapi.dll
0x00007ffb095f0000 - 0x00007ffb09609000 	C:\Program Files\JetBrains\IntelliJ IDEA Community Edition 2023.3.5\jbr\bin\net.dll
0x00007ffb1d720000 - 0x00007ffb1d82a000 	C:\windows\SYSTEM32\WINHTTP.dll
0x00007ffb230b0000 - 0x00007ffb2311a000 	C:\windows\system32\mswsock.dll
0x00007ffb095d0000 - 0x00007ffb095e6000 	C:\Program Files\JetBrains\IntelliJ IDEA Community Edition 2023.3.5\jbr\bin\nio.dll
0x00007ffb23310000 - 0x00007ffb23328000 	C:\windows\SYSTEM32\CRYPTSP.dll
0x00007ffb22990000 - 0x00007ffb229c4000 	C:\windows\system32\rsaenh.dll
0x00007ffb23fd0000 - 0x00007ffb23ff7000 	C:\windows\System32\bcrypt.dll
0x00007ffb23820000 - 0x00007ffb2384e000 	C:\windows\SYSTEM32\USERENV.dll
0x00007ffb23240000 - 0x00007ffb2324c000 	C:\windows\SYSTEM32\CRYPTBASE.dll
0x00007ffb22d70000 - 0x00007ffb22dab000 	C:\windows\SYSTEM32\IPHLPAPI.DLL
0x00007ffb24eb0000 - 0x00007ffb24eb8000 	C:\windows\System32\NSI.dll
0x00007ffb1d9c0000 - 0x00007ffb1d9d7000 	C:\windows\SYSTEM32\dhcpcsvc6.DLL
0x00007ffb1d8a0000 - 0x00007ffb1d8bd000 	C:\windows\SYSTEM32\dhcpcsvc.DLL
0x00007ffb22db0000 - 0x00007ffb22e7a000 	C:\windows\SYSTEM32\DNSAPI.dll

dbghelp: loaded successfully - version: 4.0.5 - missing functions: none
symbol engine: initialized successfully - sym options: 0x614 - pdb path: .;C:\Program Files\JetBrains\IntelliJ IDEA Community Edition 2023.3.5\jbr\bin;C:\windows\SYSTEM32;C:\windows\WinSxS\amd64_microsoft.windows.common-controls_6595b64144ccf1df_6.0.19041.3636_none_60b6a03d71f818d5;C:\Program Files\JetBrains\IntelliJ IDEA Community Edition 2023.3.5\jbr\bin\server

VM Arguments:
java_command: git4idea.http.GitAskPassApp Username for 'http://tfs:8080': 
java_class_path (initial): C:/Program Files/JetBrains/IntelliJ IDEA Community Edition 2023.3.5/plugins/vcs-git/lib/git4idea-rt.jar;C:/Program Files/JetBrains/IntelliJ IDEA Community Edition 2023.3.5/lib/externalProcess-rt.jar
Launcher Type: SUN_STANDARD

[Global flags]
     intx CICompilerCount                          = 4                                         {product} {ergonomic}
     uint ConcGCThreads                            = 2                                         {product} {ergonomic}
     uint G1ConcRefinementThreads                  = 8                                         {product} {ergonomic}
   size_t G1HeapRegionSize                         = 2097152                                   {product} {ergonomic}
    uintx GCDrainStackTargetSize                   = 64                                        {product} {ergonomic}
   size_t InitialHeapSize                          = 264241152                                 {product} {ergonomic}
   size_t MarkStackSize                            = 4194304                                   {product} {ergonomic}
   size_t MaxHeapSize                              = 4227858432                                {product} {ergonomic}
   size_t MaxNewSize                               = 2535456768                                {product} {ergonomic}
   size_t MinHeapDeltaBytes                        = 2097152                                   {product} {ergonomic}
   size_t MinHeapSize                              = 8388608                                   {product} {ergonomic}
    uintx NonNMethodCodeHeapSize                   = 5839372                                {pd product} {ergonomic}
    uintx NonProfiledCodeHeapSize                  = 122909434                              {pd product} {ergonomic}
    uintx ProfiledCodeHeapSize                     = 122909434                              {pd product} {ergonomic}
    uintx ReservedCodeCacheSize                    = 251658240                              {pd product} {ergonomic}
     bool SegmentedCodeCache                       = true                                      {product} {ergonomic}
   size_t SoftMaxHeapSize                          = 4227858432                             {manageable} {ergonomic}
     bool UseCompressedClassPointers               = true                           {product lp64_product} {ergonomic}
     bool UseCompressedOops                        = true                           {product lp64_product} {ergonomic}
     bool UseG1GC                                  = true                                      {product} {ergonomic}
     bool UseLargePagesIndividualAllocation        = false                                  {pd product} {ergonomic}

Logging:
Log output configuration:
 #0: stdout all=warning uptime,level,tags
 #1: stderr all=off uptime,level,tags

Environment Variables:
JAVA_HOME=C:\Program Files\Java\jdk-20
PATH=C:\Program Files\Git\mingw64\libexec\git-core;C:\Program Files\Git\mingw64\libexec\git-core;C:\Program Files\Git\mingw64\bin;C:\Program Files\Git\usr\bin;C:\Users\ederson.melo\bin;C:\Program Files\Common Files\Oracle\Java\javapath;C:\Program Files (x86)\Common Files\Oracle\Java\javapath;C:\windows\system32;C:\windows;C:\windows\System32\Wbem;C:\windows\System32\WindowsPowerShell\v1.0;C:\windows\System32\OpenSSH;C:\PROGRA~2\E!PC;C:\Program Files\Azure Data Studio\bin;C:\Program Files\dotnet;C:\Program Files\Microsoft SQL Server\130\Tools\Binn;C:\Program Files\Microsoft SQL Server\Client SDK\ODBC\170\Tools\Binn;C:\Program Files\Microsoft VS Code\bin;C:\Program Files (x86)\Microsoft SQL Server\80\Tools\Binn;C:\Program Files\Microsoft SQL Server\90\Tools\binn;C:\Program Files (x86)\Microsoft SQL Server\90\Tools\binn;C:\Program Files (x86)\Microsoft SQL Server\90\DTS\Binn;C:\Program Files (x86)\Microsoft SQL Server\90\Tools\Binn\VSShell\Common7\IDE;C:\Program Files (x86)\WinMerge;C:\Program Files\Micro Focus\StarTeam Cross-Platform Client 17;C:\Program Files\TortoiseGit\bin;C:\Program Files\Git\cmd;C:\Program Files\Go\bin;C:\Program Files (x86)\Microsoft SQL Server\160\DTS\Binn;C:\Program Files\TortoiseSVN\bin;C:\Program Files\nodejs;C:\Users\ederson.melo\AppData\Local\Microsoft\WindowsApps;C:\src\flutter\bin;C:\Users\ederson.melo\go\bin;C:\Users\ederson.melo\AppData\Roaming\npm
USERNAME=ederson.melo
DISPLAY=:0.0
LC_ALL=en_US.UTF-8
TERM=xterm-256color
TMPDIR=C:\Users\EDERSO~1.MEL\AppData\Local\Temp
OS=Windows_NT
PROCESSOR_IDENTIFIER=Intel64 Family 6 Model 140 Stepping 2, GenuineIntel
TMP=C:\Users\EDERSO~1.MEL\AppData\Local\Temp
TEMP=C:\Users\EDERSO~1.MEL\AppData\Local\Temp



Periodic native trim disabled

JNI global refs:
JNI global refs: 18, weak refs: 0

JNI global refs memory usage: 843, weak refs: 209

Process memory usage:
Resident Set Size: 52692K (0% of 16509728K total physical memory with 922200K free physical memory)

OOME stack traces (most recent first):
Classloader memory used:
Loader bootstrap                                                                       : 1313K
Loader jdk.internal.loader.ClassLoaders$PlatformClassLoader                            : 29377B
Loader jdk.internal.loader.ClassLoaders$AppClassLoader                                 : 1808B


---------------  S Y S T E M  ---------------

OS:
 Windows 10 , 64 bit Build 19041 (10.0.19041.3636)
OS uptime: 12 days 22:50 hours
Hyper-V role detected

CPU: total 8 (initial active 8) (4 cores per cpu, 2 threads per core) family 6 model 140 stepping 2 microcode 0x16, cx8, cmov, fxsr, ht, mmx, 3dnowpref, sse, sse2, sse3, ssse3, sse4.1, sse4.2, popcnt, lzcnt, tsc, tscinvbit, avx, avx2, aes, erms, clmul, bmi1, bmi2, adx, avx512f, avx512dq, avx512cd, avx512bw, avx512vl, sha, fma, vzeroupper, avx512_vpopcntdq, avx512_vpclmulqdq, avx512_vaes, avx512_vnni, clflush, clflushopt, clwb, avx512_vbmi2, avx512_vbmi, hv
Processor Information for all 8 processors :
  Max Mhz: 2918, Current Mhz: 2918, Mhz Limit: 2918

Memory: 4k page, system-wide physical 16122M (900M free)
TotalPageFile size 18170M (AvailPageFile size 6M)
current process WorkingSet (physical memory assigned to process): 51M, peak: 51M
current process commit charge ("private bytes"): 342M, peak: 343M

vm_info: OpenJDK 64-Bit Server VM (17.0.11+1-b1207.24) for windows-amd64 JRE (17.0.11+1-b1207.24), built on 2024-05-15 by "builduser" with MS VC++ 16.10 / 16.11 (VS2019)

END.
