#
# There is insufficient memory for the Java Runtime Environment to continue.
# Native memory allocation (mmap) failed to map 264241152 bytes. Error detail: G1 virtual space
# Possible reasons:
#   The system is out of physical RAM or swap space
#   This process is running with CompressedOops enabled, and the Java Heap may be blocking the growth of the native heap
# Possible solutions:
#   Reduce memory load on the system
#   Increase physical memory or swap space
#   Check if swap backing store is full
#   Decrease Java heap size (-Xmx/-Xms)
#   Decrease number of Java threads
#   Decrease Java thread stack sizes (-Xss)
#   Set larger code cache with -XX:ReservedCodeCacheSize=
#   JVM is running with Zero Based Compressed Oops mode in which the Java heap is
#     placed in the first 32GB address space. The Java Heap base address is the
#     maximum limit for the native heap growth. Please use -XX:HeapBaseMinAddress
#     to set the Java Heap base and to place the Java Heap above 32GB virtual address.
# This output file may be truncated or incomplete.
#
#  Out of Memory Error (os_windows.cpp:3825), pid=12076, tid=11436
#
# JRE version:  (17.0.11+1) (build )
# Java VM: OpenJDK 64-Bit Server VM (17.0.11+1-b1207.24, mixed mode, sharing, tiered, compressed oops, compressed class ptrs, g1 gc, windows-amd64)
# No core dump will be written. Minidumps are not enabled by default on client versions of Windows
#

---------------  S U M M A R Y ------------

Command Line: git4idea.http.GitAskPassApp Username for 'http://tfs:8080': 

Host: 11th Gen Intel(R) Core(TM) i7-11390H @ 3.40GHz, 8 cores, 15G,  Windows 10 , 64 bit Build 19041 (10.0.19041.3636)
Time: Tue May 28 15:29:17 2024 Hora oficial do Brasil elapsed time: 0.009721 seconds (0d 0h 0m 0s)

---------------  T H R E A D  ---------------

Current thread (0x000001a5c1d69980):  JavaThread "Unknown thread" [_thread_in_vm, id=11436, stack(0x00000096cbd00000,0x00000096cbe00000)]

Stack: [0x00000096cbd00000,0x00000096cbe00000]
Native frames: (J=compiled Java code, j=interpreted, Vv=VM code, C=native code)
V  [jvm.dll+0x6877f9]
V  [jvm.dll+0x8411aa]
V  [jvm.dll+0x842e2e]
V  [jvm.dll+0x843493]
V  [jvm.dll+0x249fdf]
V  [jvm.dll+0x6845c9]
V  [jvm.dll+0x678e7a]
V  [jvm.dll+0x30ab4b]
V  [jvm.dll+0x311ff6]
V  [jvm.dll+0x361a5e]
V  [jvm.dll+0x361c8f]
V  [jvm.dll+0x2e0978]
V  [jvm.dll+0x2e18e4]
V  [jvm.dll+0x811c71]
V  [jvm.dll+0x36f7c8]
V  [jvm.dll+0x7f05f6]
V  [jvm.dll+0x3f398f]
V  [jvm.dll+0x3f5541]
C  [jli.dll+0x528f]
C  [ucrtbase.dll+0x21bb2]
C  [KERNEL32.DLL+0x17344]
C  [ntdll.dll+0x526b1]


---------------  P R O C E S S  ---------------

Threads class SMR info:
_java_thread_list=0x00007ffa145befd8, length=0, elements={
}

Java Threads: ( => current thread )

Other Threads:
  0x000001a5c1dd51b0 GCTaskThread "GC Thread#0" [stack: 0x00000096cbe00000,0x00000096cbf00000] [id=4820]
  0x000001a5c1de5d00 ConcurrentGCThread "G1 Main Marker" [stack: 0x00000096cbf00000,0x00000096cc000000] [id=1244]
  0x000001a5c1de6720 ConcurrentGCThread "G1 Conc#0" [stack: 0x00000096cc000000,0x00000096cc100000] [id=8248]

[error occurred during error reporting (printing all threads), id 0xc0000005, EXCEPTION_ACCESS_VIOLATION (0xc0000005) at pc=0x00007ffa13d71547]

VM state: not at safepoint (not fully initialized)

VM Mutex/Monitor currently owned by a thread:  ([mutex/lock_event])
[0x000001a5c1d645c0] Heap_lock - owner thread: 0x000001a5c1d69980

Heap address: 0x0000000704000000, size: 4032 MB, Compressed Oops mode: Zero based, Oop shift amount: 3

CDS archive(s) mapped at: [0x0000000000000000-0x0000000000000000-0x0000000000000000), size 0, SharedBaseAddress: 0x0000000800000000, ArchiveRelocationMode: 1.
Narrow klass base: 0x0000000000000000, Narrow klass shift: 0, Narrow klass range: 0x0

GC Precious Log:
<Empty>

Heap:
 garbage-first heap   total 0K, used 0K [0x0000000704000000, 0x0000000800000000)
  region size 2048K, 0 young (0K), 0 survivors (0K)
 Metaspace       used 0K, committed 0K, reserved 0K
  class space    used 0K, committed 0K, reserved 0K

Heap Regions: E=young(eden), S=young(survivor), O=old, HS=humongous(starts), HC=humongous(continues), CS=collection set, F=free, OA=open archive, CA=closed archive, TAMS=top-at-mark-start (previous, next)

Card table byte_map: [0x000001a5d5010000,0x000001a5d57f0000] _byte_map_base: 0x000001a5d17f0000

Marking Bits (Prev, Next): (CMBitMap*) 0x000001a5c1dd57d0, (CMBitMap*) 0x000001a5c1dd5810
 Prev Bits: [0x000001a5d5fd0000, 0x000001a5d9ed0000)
 Next Bits: [0x000001a5d9ed0000, 0x000001a5dddd0000)

GC Heap History (0 events):
No events

Dll operation events (1 events):
Event: 0.006 Loaded shared library C:\Program Files\JetBrains\IntelliJ IDEA Community Edition 2023.3.5\jbr\bin\java.dll

Deoptimization events (0 events):
No events

Classes unloaded (0 events):
No events

Classes redefined (0 events):
No events

Internal exceptions (0 events):
No events

VM Operations (0 events):
No events

Events (0 events):
No events


Dynamic libraries:
0x00007ff62b450000 - 0x00007ff62b45a000 	C:\Program Files\JetBrains\IntelliJ IDEA Community Edition 2023.3.5\jbr\bin\java.exe
0x00007ffacc290000 - 0x00007ffacc488000 	C:\windows\SYSTEM32\ntdll.dll
0x00007ffacb8d0000 - 0x00007ffacb98d000 	C:\windows\System32\KERNEL32.DLL
0x00007ffac9e50000 - 0x00007ffaca146000 	C:\windows\System32\KERNELBASE.dll
0x00007ffaca1f0000 - 0x00007ffaca2f0000 	C:\windows\System32\ucrtbase.dll
0x00007ffa7c060000 - 0x00007ffa7c077000 	C:\Program Files\JetBrains\IntelliJ IDEA Community Edition 2023.3.5\jbr\bin\jli.dll
0x00007ffa57f10000 - 0x00007ffa57f2b000 	C:\Program Files\JetBrains\IntelliJ IDEA Community Edition 2023.3.5\jbr\bin\VCRUNTIME140.dll
0x00007ffacb540000 - 0x00007ffacb6de000 	C:\windows\System32\USER32.dll
0x00007ffac9970000 - 0x00007ffac9992000 	C:\windows\System32\win32u.dll
0x00007ffacb890000 - 0x00007ffacb8bc000 	C:\windows\System32\GDI32.dll
0x00007ffaab4b0000 - 0x00007ffaab74a000 	C:\windows\WinSxS\amd64_microsoft.windows.common-controls_6595b64144ccf1df_6.0.19041.3636_none_60b6a03d71f818d5\COMCTL32.dll
0x00007ffac9cc0000 - 0x00007ffac9dda000 	C:\windows\System32\gdi32full.dll
0x00007ffacb740000 - 0x00007ffacb7de000 	C:\windows\System32\msvcrt.dll
0x00007ffaca150000 - 0x00007ffaca1ed000 	C:\windows\System32\msvcp_win.dll
0x00007ffaca510000 - 0x00007ffaca540000 	C:\windows\System32\IMM32.DLL
0x00007ffac6580000 - 0x00007ffac658c000 	C:\Program Files\JetBrains\IntelliJ IDEA Community Edition 2023.3.5\jbr\bin\vcruntime140_1.dll
0x00007ffa47270000 - 0x00007ffa472fd000 	C:\Program Files\JetBrains\IntelliJ IDEA Community Edition 2023.3.5\jbr\bin\msvcp140.dll
0x00007ffa13a80000 - 0x00007ffa14703000 	C:\Program Files\JetBrains\IntelliJ IDEA Community Edition 2023.3.5\jbr\bin\server\jvm.dll
0x00007ffacb7e0000 - 0x00007ffacb88f000 	C:\windows\System32\ADVAPI32.dll
0x00007ffaca2f0000 - 0x00007ffaca38c000 	C:\windows\System32\sechost.dll
0x00007ffacaa90000 - 0x00007ffacabb6000 	C:\windows\System32\RPCRT4.dll
0x00007ffac75c0000 - 0x00007ffac75e7000 	C:\windows\SYSTEM32\WINMM.dll
0x00007ffac8e80000 - 0x00007ffac8ecb000 	C:\windows\SYSTEM32\POWRPROF.dll
0x00007ffaa91b0000 - 0x00007ffaa91b9000 	C:\windows\SYSTEM32\WSOCK32.dll
0x00007ffac35d0000 - 0x00007ffac35da000 	C:\windows\SYSTEM32\VERSION.dll
0x00007ffacabc0000 - 0x00007ffacac2b000 	C:\windows\System32\WS2_32.dll
0x00007ffac8d50000 - 0x00007ffac8d62000 	C:\windows\SYSTEM32\UMPDC.dll
0x00007ffac81d0000 - 0x00007ffac81e2000 	C:\windows\SYSTEM32\kernel.appcore.dll
0x00007ffaaf8e0000 - 0x00007ffaaf8ea000 	C:\Program Files\JetBrains\IntelliJ IDEA Community Edition 2023.3.5\jbr\bin\jimage.dll
0x00007ffac7390000 - 0x00007ffac7574000 	C:\windows\SYSTEM32\DBGHELP.DLL
0x00007ffac7330000 - 0x00007ffac7364000 	C:\windows\SYSTEM32\dbgcore.DLL
0x00007ffac99f0000 - 0x00007ffac9a72000 	C:\windows\System32\bcryptPrimitives.dll
0x00007ffaaf860000 - 0x00007ffaaf885000 	C:\Program Files\JetBrains\IntelliJ IDEA Community Edition 2023.3.5\jbr\bin\java.dll

dbghelp: loaded successfully - version: 4.0.5 - missing functions: none
symbol engine: initialized successfully - sym options: 0x614 - pdb path: .;C:\Program Files\JetBrains\IntelliJ IDEA Community Edition 2023.3.5\jbr\bin;C:\windows\SYSTEM32;C:\windows\WinSxS\amd64_microsoft.windows.common-controls_6595b64144ccf1df_6.0.19041.3636_none_60b6a03d71f818d5;C:\Program Files\JetBrains\IntelliJ IDEA Community Edition 2023.3.5\jbr\bin\server

VM Arguments:
java_command: git4idea.http.GitAskPassApp Username for 'http://tfs:8080': 
java_class_path (initial): C:/Program Files/JetBrains/IntelliJ IDEA Community Edition 2023.3.5/plugins/vcs-git/lib/git4idea-rt.jar;C:/Program Files/JetBrains/IntelliJ IDEA Community Edition 2023.3.5/lib/externalProcess-rt.jar
Launcher Type: SUN_STANDARD

[Global flags]
     intx CICompilerCount                          = 4                                         {product} {ergonomic}
     uint ConcGCThreads                            = 2                                         {product} {ergonomic}
     uint G1ConcRefinementThreads                  = 8                                         {product} {ergonomic}
   size_t G1HeapRegionSize                         = 2097152                                   {product} {ergonomic}
    uintx GCDrainStackTargetSize                   = 64                                        {product} {ergonomic}
   size_t InitialHeapSize                          = 264241152                                 {product} {ergonomic}
   size_t MarkStackSize                            = 4194304                                   {product} {ergonomic}
   size_t MaxHeapSize                              = 4227858432                                {product} {ergonomic}
   size_t MinHeapDeltaBytes                        = 2097152                                   {product} {ergonomic}
   size_t MinHeapSize                              = 8388608                                   {product} {ergonomic}
    uintx NonNMethodCodeHeapSize                   = 5839372                                {pd product} {ergonomic}
    uintx NonProfiledCodeHeapSize                  = 122909434                              {pd product} {ergonomic}
    uintx ProfiledCodeHeapSize                     = 122909434                              {pd product} {ergonomic}
    uintx ReservedCodeCacheSize                    = 251658240                              {pd product} {ergonomic}
     bool SegmentedCodeCache                       = true                                      {product} {ergonomic}
   size_t SoftMaxHeapSize                          = 4227858432                             {manageable} {ergonomic}
     bool UseCompressedClassPointers               = true                           {product lp64_product} {ergonomic}
     bool UseCompressedOops                        = true                           {product lp64_product} {ergonomic}
     bool UseG1GC                                  = true                                      {product} {ergonomic}
     bool UseLargePagesIndividualAllocation        = false                                  {pd product} {ergonomic}

Logging:
Log output configuration:
 #0: stdout all=warning uptime,level,tags
 #1: stderr all=off uptime,level,tags

Environment Variables:
JAVA_HOME=C:\Program Files\Java\jdk-11
PATH=C:/Program Files/Git/mingw64/libexec/git-core;C:/Program Files/Git/mingw64/libexec/git-core;C:\Program Files\Git\mingw64\bin;C:\Program Files\Git\usr\bin;C:\Users\ederson.melo\bin;C:\Program Files\Common Files\Oracle\Java\javapath;C:\Program Files (x86)\Common Files\Oracle\Java\javapath;C:\windows\system32;C:\windows;C:\windows\System32\Wbem;C:\windows\System32\WindowsPowerShell\v1.0\;C:\windows\System32\OpenSSH\;C:\PROGRA~2\E!PC;C:\Program Files\Azure Data Studio\bin;C:\Program Files\dotnet\;C:\Program Files\Microsoft SQL Server\130\Tools\Binn\;C:\Program Files\Microsoft SQL Server\Client SDK\ODBC\170\Tools\Binn\;C:\Program Files\Microsoft VS Code\bin;C:\Program Files (x86)\Microsoft SQL Server\80\Tools\Binn\;C:\Program Files\Microsoft SQL Server\90\Tools\binn\;C:\Program Files (x86)\Microsoft SQL Server\90\Tools\binn\;C:\Program Files (x86)\Microsoft SQL Server\90\DTS\Binn\;C:\Program Files (x86)\Microsoft SQL Server\90\Tools\Binn\VSShell\Common7\IDE\;C:\Program Files (x86)\WinMerge;C:\Program Files\Micro Focus\StarTeam Cross-Platform Client 17;C:\Program Files\TortoiseGit\bin;C:\Program Files\Git\cmd;C:\Program Files\Go\bin;C:\Program Files (x86)\Microsoft SQL Server\160\DTS\Binn\;C:\Program Files\TortoiseSVN\bin;C:\Program Files\nodejs\;C:\Users\ederson.melo\AppData\Local\Microsoft\WindowsApps;C:\src\flutter\bin;C:\Users\ederson.melo\go\bin;C:\Users\ederson.melo\AppData\Roaming\npm
USERNAME=ederson.melo
DISPLAY=:0.0
LC_ALL=en_US.UTF-8
TERM=xterm-256color
TMPDIR=C:\Users\EDERSO~1.MEL\AppData\Local\Temp
OS=Windows_NT
PROCESSOR_IDENTIFIER=Intel64 Family 6 Model 140 Stepping 2, GenuineIntel
TMP=C:\Users\EDERSO~1.MEL\AppData\Local\Temp
TEMP=C:\Users\EDERSO~1.MEL\AppData\Local\Temp



Periodic native trim disabled

JNI global refs:
JNI global refs: 0, weak refs: 0

JNI global refs memory usage: 0, weak refs: 0

Process memory usage:
Resident Set Size: 11628K (0% of 16509728K total physical memory with 1153640K free physical memory)

OOME stack traces (most recent first):
Classloader memory used:


---------------  S Y S T E M  ---------------

OS:
 Windows 10 , 64 bit Build 19041 (10.0.19041.3636)
OS uptime: 6 days 22:35 hours
Hyper-V role detected

CPU: total 8 (initial active 8) (4 cores per cpu, 2 threads per core) family 6 model 140 stepping 2 microcode 0x16, cx8, cmov, fxsr, ht, mmx, 3dnowpref, sse, sse2, sse3, ssse3, sse4.1, sse4.2, popcnt, lzcnt, tsc, tscinvbit, avx, avx2, aes, erms, clmul, bmi1, bmi2, adx, avx512f, avx512dq, avx512cd, avx512bw, avx512vl, sha, fma, vzeroupper, avx512_vpopcntdq, avx512_vpclmulqdq, avx512_vaes, avx512_vnni, clflush, clflushopt, clwb, avx512_vbmi2, avx512_vbmi, hv
Processor Information for all 8 processors :
  Max Mhz: 2918, Current Mhz: 2918, Mhz Limit: 2918

Memory: 4k page, system-wide physical 16122M (1126M free)
TotalPageFile size 18170M (AvailPageFile size 113M)
current process WorkingSet (physical memory assigned to process): 11M, peak: 11M
current process commit charge ("private bytes"): 60M, peak: 312M

vm_info: OpenJDK 64-Bit Server VM (17.0.11+1-b1207.24) for windows-amd64 JRE (17.0.11+1-b1207.24), built on 2024-05-15 by "builduser" with MS VC++ 16.10 / 16.11 (VS2019)

END.
